<?xml version="1.0" encoding="UTF-8"?>
<testsuite xmlns:xsi="http://www.w3.org/2001/XMLSchema-instance" xsi:noNamespaceSchemaLocation="https://maven.apache.org/surefire/maven-surefire-plugin/xsd/surefire-test-report-3.0.xsd" version="3.0" name="com.cg.project.test.MainTest" time="0.085" tests="3" errors="0" skipped="0" failures="2">
  <properties>
[...]
</properties>
  <testcase name="test1" classname="com.cg.project.test.MainTest" time="0.009">
    <failure message="Test 1 failed" type="java.lang.AssertionError"><![CDATA[java.lang.AssertionError: Test 1 failed
	at com.cg.project.test.MainTest.test1(MainTest.java:12)
]]></failure>
  </testcase>
  <testcase name="test2" classname="com.cg.project.test.MainTest" time="0"/>
  <testcase name="test3" classname="com.cg.project.test.MainTest" time="0">
    <failure message="Test 3 failed" type="java.lang.AssertionError"><![CDATA[java.lang.AssertionError: Test 3 failed
	at com.cg.project.test.MainTest.test3(MainTest.java:25)
]]></failure>
  </testcase>
</testsuite>